<?xml version="1.0" encoding="UTF-8"?>
<testsuite name="ab1.Ab1Tests" tests="1" skipped="0" failures="0" errors="0" timestamp="2023-04-30T23:56:46" hostname="DESKTOP-7NPNUJT" time="1.471">
  <properties/>
  <testcase name="QuickSort_large()" classname="ab1.Ab1Tests" time="1.471"/>
  <system-out><![CDATA[]]></system-out>
  <system-err><![CDATA[]]></system-err>
</testsuite>
