<?xml version="1.0" encoding="UTF-8"?>
<testsuite name="ab1.Ab1Tests" tests="1" skipped="0" failures="0" errors="0" timestamp="2023-05-12T08:32:27" hostname="LAPTOP-0JP8HMP6" time="0.037">
  <properties/>
  <testcase name="SortedList_remove()" classname="ab1.Ab1Tests" time="0.037"/>
  <system-out><![CDATA[]]></system-out>
  <system-err><![CDATA[]]></system-err>
</testsuite>
